bley000: 請問甚麼是html

GitHub Copilot: HTML，全名為 HyperText Markup Language，是一種用於創建網頁的標記語言。HTML 使用標記來描述網頁的結構，例如標題、段落、列表等。這些標記被稱為 HTML 標籤，並且通常成對出現，如 `<p>` 和 `</p>`。HTML 文件本身是純文本文件，可以使用任何文本編輯器來創建或修改。

bley000: 請問html可以是動態的嗎?

GitHub Copilot: 是的，HTML 可以是動態的。雖然 HTML 本身是靜態的，但是可以透過 JavaScript 和 CSS 來增加動態效果。JavaScript 可以用來改變 HTML 內容和屬性，創建新的 HTML 標籤，以及響應用戶的互動。CSS 則可以用來改變 HTML 的外觀和佈局，包括動畫和過渡效果。這些技術組合在一起，可以創建出豐富的動態網頁。

bley000: 有隨著時間變化的，形狀是台灣地圖的動態html嗎?

GitHub Copilot: 要創建一個隨著時間變化的，形狀為台灣地圖的動態 HTML，我們需要使用到一些特定的工具和技術。這包括：

1. GeoJSON 或 TopoJSON：這些是用於編碼各種地理數據結構的格式，我們可以用它來表示台灣的地圖。
2. D3.js：這是一個 JavaScript 函式庫，可以用來創建數據驅動的文檔。我們可以用它來讀取地理數據，並將其轉換為 SVG 或 Canvas 圖形。
3. HTML 和 CSS：我們可以用這些來創建和樣式化我們的網頁。

以下是一個基本的步驟：

1. 獲取台灣的 GeoJSON 或 TopoJSON 數據。
2. 使用 D3.js 讀取這些數據，並將其轉換為 SVG 或 Canvas 圖形。
3. 使用 D3.js 創建一個時間軸，並將其與我們的地圖數據關聯起來。
4. 使用 D3.js 更新我們的地圖，使其隨著時間的推移而變化。
5. 使用 HTML 和 CSS 將我們的地圖和時間軸添加到網頁上。

請注意，這是一個相對複雜的任務，需要一定的編程和數據可視化知識。

bley000: 這是現在的程式碼，目前可以跑出一個靜態的3d html圖。如果我希望他可以以台灣地圖為基礎，里程數代表地點，小客車交通量為高度，速度為顏色。這些隨著時間變化而產生的動圖html，是有可能實現的嗎?

GitHub Copilot: 是的，這是可能的。你可以使用 Plotly 的動畫功能來實現這個效果。你需要將你的數據分組，每一組代表一個時間點，然後創建一個帶有動畫幀的圖形，每一幀對應於一組數據。

以下是一個基本的步驟：

1. 將你的數據按照時間分組。
2. 對於每一組數據，創建一個 3D 散點圖，其中 x 和 y 軸代表地理位置，z 軸代表交通量，顏色代表速度。
3. 使用 `go.Figure` 創建一個圖形，並將所有的散點圖添加為動畫幀。
4. 使用 `fig.update_layout` 添加動畫控制元素。

以下是一個基本的代碼示例：

```python
import plotly.graph_objects as go

# 將數據按照時間分組
groups = df.groupby('OriginalTimeInterval')

# 創建一個空的圖形
fig = go.Figure()

# 對於每一組數據，創建一個散點圖並添加為動畫幀
for name, group in groups:
    fig.add_trace(
        go.Scatter3d(
            x=group['WayMilageFrom'],  # 這裡需要將里程數轉換為地理位置
            y=group['v31'],
            z=group['SpeedClass'],
            mode='markers',
            marker=dict(
                size=6,
                color=group['SpeedClass'],  # 速度
                colorscale='Viridis',
            ),
            name=str(name)
        )
    )

# 添加動畫控制元素
fig.update_layout(
    updatemenus=[dict(
        type="buttons",
        showactive=False,
        buttons=[dict(label="Play",
                      method="animate",
                      args=[None])])]
)

# 顯示圖形
fig.show()
```

請注意，這只是一個基本的示例，你可能需要根據你的具體需求來調整它。特別是，你需要找到一種方法將里程數轉換為地理位置。這可能需要使用到一些地理數據庫或者地理編碼服務。

bley000: https://tisvcloud.freeway.gov.tw/documents/TDCS%E4%BD%BF%E7%94%A8%E6%89%8B%E5%86%8Av34.pdf

這裡有對於測站代碼對應的測站，這樣可以可以繪製台灣地圖嗎?

GitHub Copilot: 是的，如果你有測站代碼與其對應的地理位置（經緯度），你可以使用這些數據來繪製台灣地圖。你可以使用 `plotly.graph_objects.Scattergeo` 或 `plotly.express.scatter_geo` 來創建地理散點圖。

首先，你需要將測站代碼與其對應的地理位置添加到你的數據集中。你可以創建一個新的數據框來存儲這些信息，然後使用 `pandas.merge` 函數將其與你的原始數據框合併。

然後，你可以使用以下代碼來創建地理散點圖：

```python
import plotly.express as px

# 創建地理散點圖
fig = px.scatter_geo(df,
                     lat='latitude',  # 緯度列
                     lon='longitude',  # 經度列
                     color='SpeedClass',  # 顏色代表速度
                     size='v31',  # 大小代表交通量
                     animation_frame='OriginalTimeInterval',  # 動畫幀代表時間
                     projection='natural earth')  # 投影方式

# 顯示圖形
fig.show()
```

請注意，這只是一個基本的示例，你可能需要根據你的具體需求來調整它。特別是，你需要確保你的數據集中有對應的經緯度列，並且這些列的名稱與上述代碼中的 'latitude' 和 'longitude' 相匹配。

bley000: https://www.freeway.gov.tw/Upload/DownloadFiles/%E5%9C%8B%E9%81%93%E8%A8%88%E8%B2%BB%E9%96%80%E6%9E%B6%E5%BA%A7%E6%A8%99%E5%8F%8A%E9%87%8C%E7%A8%8B%E7%89%8C%E5%83%B9%E8%A1%A81110413.csv

這裡有相關的測站代碼對應的經緯度

GitHub Copilot: 你可以使用 pandas 的 `read_csv` 函數讀取這個 CSV 文件，然後使用 `merge` 函數將這些經緯度數據合併到你的原始數據集中。以下是一個基本的代碼示例：

```python
# 讀取測站代碼與經緯度的 CSV 文件
stations = pd.read_csv("https://www.freeway.gov.tw/Upload/DownloadFiles/%E5%9C%8B%E9%81%93%E8%A8%88%E8%B2%BB%E9%96%80%E6%9E%B6%E5%BA%A7%E6%A8%99%E5%8F%8A%E9%87%8C%E7%A8%8B%E7%89%8C%E5%83%B9%E8%A1%A81110413.csv")

# 將測站代碼列的名稱改為與原始數據集中相同的名稱
stations.rename(columns={'測站代碼': 'WayMilageFrom'}, inplace=True)

# 將測站代碼列的數據類型改為與原始數據集中相同的類型
stations['WayMilageFrom'] = stations['WayMilageFrom'].astype(df['WayMilageFrom'].dtype)

# 將測站的經緯度數據合併到原始數據集中
df = pd.merge(df, stations, on='WayMilageFrom', how='left')
```

請注意，這只是一個基本的示例，你可能需要根據你的具體需求來調整它。特別是，你需要確保測站代碼列的名稱和數據類型與原始數據集中的相同，並且在合併數據集時使用正確的合併類型（在這個例子中，我使用了左合併，這意味著如果某個測站在原始數據集中存在，但在測站數據集中不存在，那麼這個測站的經緯度將會被設為 NaN）。

bley000: C:\\Users\\WINNIE\\Desktop\\M05A\\M05A_20240429_feature.csv
這裡有grantfrom，我們可以從這欄讀取測站代碼，對應'https://www.freeway.gov.tw/Upload/DownloadFiles/%E5%9C%8B%E9%81%93%E8%A8%88%E8%B2%BB%E9%96%80%E6%9E%B6%E5%BA%A7%E6%A8%99%E5%8F%8A%E9%87%8C%E7%A8%8B%E7%89%8C%E5%83%B9%E8%A1%A81110413.csv'
的資料，找到經緯度。這樣就可以在台灣地圖上繪製，會隨著時間變動的html圖了嗎?

GitHub Copilot: 是的，你可以使用 pandas 的 `read_csv` 函數讀取這兩個 CSV 文件，然後使用 `merge` 函數將這些經緯度數據合併到你的原始數據集中。以下是一個基本的代碼示例：

```python
import pandas as pd
import plotly.express as px

# 讀取原始數據集
df = pd.read_csv("C:\\Users\\WINNIE\\Desktop\\M05A\\M05A_20240429_feature.csv")

# 讀取測站代碼與經緯度的 CSV 文件
stations = pd.read_csv("https://www.freeway.gov.tw/Upload/DownloadFiles/%E5%9C%8B%E9%81%93%E8%A8%88%E8%B2%BB%E9%96%80%E6%9E%B6%E5%BA%A7%E6%A8%99%E5%8F%8A%E9%87%8C%E7%A8%8B%E7%89%8C%E5%83%B9%E8%A1%A81110413.csv")

# 將測站代碼列的名稱改為與原始數據集中相同的名稱
stations.rename(columns={'測站代碼': 'grantfrom'}, inplace=True)

# 將測站代碼列的數據類型改為與原始數據集中相同的類型
stations['grantfrom'] = stations['grantfrom'].astype(df['grantfrom'].dtype)

# 將測站的經緯度數據合併到原始數據集中
df = pd.merge(df, stations, on='grantfrom', how='left')

# 創建地理散點圖
fig = px.scatter_geo(df,
                     lat='latitude',  # 緯度列
                     lon='longitude',  # 經度列
                     color='SpeedClass',  # 顏色代表速度
                     size='v31',  # 大小代表交通量
                     animation_frame='OriginalTimeInterval',  # 動畫幀代表時間
                     projection='natural earth')  # 投影方式

# 顯示圖形
fig.show()
```

請注意，這只是一個基本的示例，你可能需要根據你的具體需求來調整它。特別是，你需要確保你的數據集中有對應的經緯度列，並且這些列的名稱與上述代碼中的 'latitude' 和 'longitude' 相匹配。此外，你也需要確保 'SpeedClass' 和 'v31' 這兩列在你的數據集中存在，並且可以代表速度和交通量。

bley000: 發生例外狀況: KeyError
'GantryFrom'
KeyError: 'GantryFrom'

The above exception was the direct cause of the following exception:

  File "C:\Users\WINNIE\Desktop\456.py", line 14, in <module>
    stations['GantryFrom'] = stations['GantryFrom'].astype(df['GantryFrom'].dtype)
KeyError: 'GantryFrom'

GitHub Copilot: 這個錯誤是因為在你的原始數據集 `df` 中找不到名為 'GantryFrom' 的列。你需要確保你的原始數據集中有一個名為 'GantryFrom' 的列，並且這個列包含了測站代碼。

如果你的原始數據集中沒有名為 'GantryFrom' 的列，但有一個其他名稱的列包含了測站代碼，你需要將下面這行代碼中的 'GantryFrom' 改為那個列的名稱：

```python
stations['GantryFrom'] = stations['GantryFrom'].astype(df['GantryFrom'].dtype)
```

例如，如果你的原始數據集中測站代碼的列名為 'grantfrom'，那麼你需要將上面的代碼改為：

```python
stations['GantryFrom'] = stations['GantryFrom'].astype(df['grantfrom'].dtype)
```

如果你確定你的原始數據集中有名為 'GantryFrom' 的列，但仍然出現這個錯誤，那麼可能是因為這個列的數據類型不能被轉換為測站代碼的數據類型。在這種情況下，你可能需要進一步檢查這兩個列的數據，確保它們都包含了有效的測站代碼。

bley000: 'GantryFrom
01F0017N
01F0017N
01F0017N
01F0017N
01F0017N
'
這是原始數據中關於GrantryFrom的資料。

'設定收費區代碼
01F0005N
01F0005S
01F0017N
01F0017S
01F0029N
'
這是讀取測站代碼csv檔案的資料

也就是這兩個欄位的名稱是不同的!

GitHub Copilot: 了解，如果原始數據集中的欄位名稱和測站代碼 CSV 文件中的欄位名稱不同，你需要在合併數據時確保使用正確的欄位名稱。在這種情況下，你需要將 'GantryFrom' 改為原始數據集中的欄位名稱，並將 '設定收費區代碼' 改為測站代碼 CSV 文件中的欄位名稱。以下是修改後的代碼：

```python
import pandas as pd
import plotly.express as px

# 讀取原始數據集
df = pd.read_csv("C:\\Users\\WINNIE\\Desktop\\M05A\\M05A_20240429_feature.csv")

# 讀取測站代碼與經緯度的 CSV 文件
stations = pd.read_csv("https://www.freeway.gov.tw/Upload/DownloadFiles/%E5%9C%8B%E9%81%93%E8%A8%88%E8%B2%BB%E9%96%80%E6%9E%B6%E5%BA%A7%E6%A8%99%E5%8F%8A%E9%87%8C%E7%A8%8B%E7%89%8C%E5%83%B9%E8%A1%A81110413.csv")

# 將測站代碼列的名稱改為與原始數據集中相同的名稱
stations.rename(columns={'設定收費區代碼': 'GantryFrom'}, inplace=True)

# 將測站代碼列的數據類型改為與原始數據集中相同的類型
stations['GantryFrom'] = stations['GantryFrom'].astype(df['GantryFrom'].dtype)

# 將測站的經緯度數據合併到原始數據集中
df = pd.merge(df, stations, on='GantryFrom', how='left')

# 創建地理散點圖
fig = px.scatter_geo(df,
                     lat='latitude',  # 緯度列
                     lon='longitude',  # 經度列
                     color='SpeedClass',  # 顏色代表速度
                     size='v31',  # 大小代表交通量
                     animation_frame='OriginalTimeInterval',  # 動畫幀代表時間
                     projection='natural earth')  # 投影方式

# 顯示圖形
fig.show()
```

請注意，這只是一個基本的示例，你可能需要根據你的具體需求來調整它。特別是，你需要確保你的數據集中有對應的經緯度列，並且這些列的名稱與上述代碼中的 'latitude' 和 'longitude' 相匹配。此外，你也需要確保 'SpeedClass' 和 'v31' 這兩列在你的數據集中存在，並且可以代表速度和交通量。

bley000: 我想知道，這樣改來改去，會更改到讀取的資料嗎

GitHub Copilot: 不會的。這些操作並不會改變你讀取的原始數據。它們只是在數據處理的過程中創建了新的數據框（DataFrame），並不會影響原始的 CSV 文件。

以下是你的代碼做的事情的簡單解釋：

1. `pd.read_csv()`：這個函數讀取 CSV 文件並創建一個新的數據框。原始的 CSV 文件不會被改變。

2. `stations.rename(columns={'設定收費區代碼': 'GantryFrom'}, inplace=True)`：這個操作會在 `stations` 數據框中將 '設定收費區代碼' 這個列名改為 'GantryFrom'。這只影響 `stations` 這個數據框，並不會改變原始的 CSV 文件。

3. `stations['GantryFrom'] = stations['GantryFrom'].astype(df['GantryFrom'].dtype)`：這個操作會將 `stations` 數據框中 'GantryFrom' 這個列的數據類型改為與 `df` 數據框中 'GantryFrom' 這個列的數據類型相同。這只影響 `stations` 這個數據框，並不會改變原始的 CSV 文件。

4. `df = pd.merge(df, stations, on='GantryFrom', how='left')`：這個操作會將 `df` 和 `stations` 兩個數據框合併成一個新的數據框，並將結果存儲在 `df` 中。這只影響 `df` 這個數據框，並不會改變原始的 CSV 文件。

所以，你的原始數據是安全的，這些操作只是在處理數據的過程中創建了新的數據框，並不會影響原始的 CSV 文件。

bley000: 發生例外狀況: ValueError
Value of 'lat' is not the name of a column in 'data_frame'. Expected one of ['TimeInterval', 'GantryFrom', 'GantryTo', 'VehicleType', 'SpaceMeanSpeed', '交通量', 'v31', 'v32', 'v41', 'v42', 'v5', 'OriginalTimeInterval', 'WeekDay', 'HellDay', 'WayIDFrom', 'WayIDTo', 'WayMilageFrom', 'WayMilageTo', 'WayDirectionFrom', 'WayDirectionTo', 'SpeedClass', '國道別', '方向', '編號', '起點交流道', '迄點交流道', '收費區設定里程', '小型車牌價', '大型車牌價', '聯結車牌價', '緯度', '經度'] but received: latitude
  File "C:\Users\WINNIE\Desktop\456.py", line 20, in <module>
    fig = px.scatter_geo(df,
ValueError: Value of 'lat' is not the name of a column in 'data_frame'. Expected one of ['TimeInterval', 'GantryFrom', 'GantryTo', 'VehicleType', 'SpaceMeanSpeed', '交通量', 'v31', 'v32', 'v41', 'v42', 'v5', 'OriginalTimeInterval', 'WeekDay', 'HellDay', 'WayIDFrom', 'WayIDTo', 'WayMilageFrom', 'WayMilageTo', 'WayDirectionFrom', 'WayDirectionTo', 'SpeedClass', '國道別', '方向', '編號', '起點交流道', '迄點交流道', '收費區設定里程', '小型車牌價', '大型車牌價', '聯結車牌價', '緯度', '經度'] but received: latitude

GitHub Copilot: 這個錯誤是因為在創建地理散點圖時，'lat' 參數接收到的值 'latitude' 並不是數據框 'df' 中的一個列名。從錯誤訊息中可以看到，數據框 'df' 中的列名包括 '緯度' 和 '經度'，而不是 'latitude' 和 'longitude'。

你應該將 'lat' 參數的值改為 '緯度'，並將 'lon' 參數的值改為 '經度'。以下是修改後的代碼：

```python
# 創建地理散點圖
fig = px.scatter_geo(df,
                     lat='緯度',  # 緯度列
                     lon='經度',  # 經度列
                     color='SpeedClass',  # 顏色代表速度
                     size='v31',  # 大小代表交通量
                     animation_frame='OriginalTimeInterval',  # 動畫幀代表時間
                     projection='natural earth')  # 投影方式

# 顯示圖形
fig.show()
```

這樣應該就可以解決你的問題了。

bley000: 發生例外狀況: ValueError

    Invalid element(s) received for the 'size' property of scattergeo.marker
        Invalid elements include: [nan, nan, nan, nan, nan, nan, nan, nan, nan, nan]

    The 'size' property is a number and may be specified as:
      - An int or float in the interval [0, inf]
      - A tuple, list, or one-dimensional numpy array of the above
  File "C:\Users\WINNIE\Desktop\456.py", line 20, in <module>
    fig = px.scatter_geo(df,
ValueError: 
    Invalid element(s) received for the 'size' property of scattergeo.marker
        Invalid elements include: [nan, nan, nan, nan, nan, nan, nan, nan, nan, nan]

    The 'size' property is a number and may be specified as:
      - An int or float in the interval [0, inf]
      - A tuple, list, or one-dimensional numpy array of the above

GitHub Copilot: 這個錯誤訊息表示 'size' 參數接收到的 'v31' 列中包含無效的元素，這些元素可能是 NaN（不是數字）值。在創建地理散點圖時，'size' 參數需要接收一個只包含非負數字的序列。

你可以使用 `fillna()` 函數將 'v31' 列中的 NaN 值替換為 0，或者使用 `dropna()` 函數將包含 NaN 值的行刪除。以下是兩種方法的代碼：

方法一：將 NaN 值替換為 0

```python
# 將 'v31' 列中的 NaN 值替換為 0
df['v31'] = df['v31'].fillna(0)

# 創建地理散點圖
fig = px.scatter_geo(df,
                     lat='緯度',  # 緯度列
                     lon='經度',  # 經度列
                     color='SpeedClass',  # 顏色代表速度
                     size='v31',  # 大小代表交通量
                     animation_frame='OriginalTimeInterval',  # 動畫幀代表時間
                     projection='natural earth')  # 投影方式

# 顯示圖形
fig.show()
```

方法二：刪除包含 NaN 值的行

```python
# 刪除 'v31' 列中包含 NaN 值的行
df = df.dropna(subset=['v31'])

# 創建地理散點圖
fig = px.scatter_geo(df,
                     lat='緯度',  # 緯度列
                     lon='經度',  # 經度列
                     color='SpeedClass',  # 顏色代表速度
                     size='v31',  # 大小代表交通量
                     animation_frame='OriginalTimeInterval',  # 動畫幀代表時間
                     projection='natural earth')  # 投影方式

# 顯示圖形
fig.show()
```

請選擇一種方法並將其添加到你的代碼中，這樣應該就可以解決你的問題了。

bley000: 這裡只需考慮v31有數字時的情況就可以了，其他的不用考慮，所以也不用去填滿這個欄位

GitHub Copilot: 如果你只關心 'v31' 列有數字的情況，那麼你可以選擇只保留 'v31' 列中不是 NaN 的行。你可以使用 `dropna()` 函數來實現這一點。以下是修改後的代碼：

```python
# 只保留 'v31' 列中不是 NaN 的行
df = df.dropna(subset=['v31'])

# 創建地理散點圖
fig = px.scatter_geo(df,
                     lat='緯度',  # 緯度列
                     lon='經度',  # 經度列
                     color='SpeedClass',  # 顏色代表速度
                     size='v31',  # 大小代表交通量
                     animation_frame='OriginalTimeInterval',  # 動畫幀代表時間
                     projection='natural earth')  # 投影方式

# 顯示圖形
fig.show()
```

這樣，地理散點圖將只顯示 'v31' 列中有數字的數據點。

bley000: 我可以請問...為甚麼出現的是世界地圖嗎????我以為只會出現台灣哈哈哈哈

GitHub Copilot: `px.scatter_geo` 函數默認生成的是全球地圖。如果你只想顯示台灣的地圖，你需要設置地圖的範圍，這可以通過設置 'geo' 對象的 'lonaxis_range' 和 'lataxis_range' 屬性來實現。

以下是修改後的代碼：

```python
# 創建地理散點圖
fig = px.scatter_geo(df,
                     lat='緯度',  # 緯度列
                     lon='經度',  # 經度列
                     color='SpeedClass',  # 顏色代表速度
                     size='v31',  # 大小代表交通量
                     animation_frame='OriginalTimeInterval',  # 動畫幀代表時間
                     projection='natural earth')  # 投影方式

# 設置地圖的範圍為台灣
fig.update_geos(
    lonaxis_range=[119, 124],  # 台灣的經度範圍
    lataxis_range=[20.5, 25.5]  # 台灣的緯度範圍
)

# 顯示圖形
fig.show()
```

這樣，生成的地理散點圖將只顯示台灣的部分。請注意，你可能需要根據你的數據調整經度和緯度的範圍。

bley000: 我可以請問這些圈圈大大小小是代表甚麼意思嗎?

GitHub Copilot: 在你的代碼中，這些圈圈的大小是由 'v31' 列的值決定的。在 `px.scatter_geo` 函數中，你將 'size' 參數設置為 'v31'，這意味著每個散點的大小將根據 'v31' 列的值來縮放。

具體來說，'v31' 列的值越大，相應的圈圈就越大；'v31' 列的值越小，相應的圈圈就越小。這種視覺效果可以幫助你快速識別出 'v31' 列的值較大或較小的地點。

如果你不確定 'v31' 列的具體含義，你可能需要查看你的數據集的文檔或者問問數據集的提供者。

bley000: speedclass有分成6個等級(0~5)，可以讓顏色分別是白色、紫色、紅色、橘色、黃色、綠色 嗎?

GitHub Copilot: 你可以使用 `px.scatter_geo` 函數的 `color_discrete_map` 參數來設置每個 'SpeedClass' 值的顏色。以下是修改後的代碼：

```python
# 創建地理散點圖
fig = px.scatter_geo(df,
                     lat='緯度',  # 緯度列
                     lon='經度',  # 經度列
                     color='SpeedClass',  # 顏色代表速度
                     size='v31',  # 大小代表交通量
                     animation_frame='OriginalTimeInterval',  # 動畫幀代表時間
                     projection='natural earth',  # 投影方式
                     color_discrete_map={  # 設置每個 'SpeedClass' 值的顏色
                         '0': 'white',
                         '1': 'purple',
                         '2': 'red',
                         '3': 'orange',
                         '4': 'yellow',
                         '5': 'green'
                     })

# 設置地圖的範圍為台灣
fig.update_geos(
    lonaxis_range=[119, 124],  # 台灣的經度範圍
    lataxis_range=[20.5, 25.5]  # 台灣的緯度範圍
)

# 顯示圖形
fig.show()
```

這樣，每個 'SpeedClass' 值的散點將會被繪製成指定的顏色。請注意，`color_discrete_map` 中的鍵應該與 'SpeedClass' 列中的值匹配。如果 'SpeedClass' 列的值是數字而不是字符串，你可能需要將鍵改為數字。

bley000: 恕我冒昧，我聽說當為str時候，顏色並非我可控制??

GitHub Copilot: 你是對的。當 'SpeedClass' 列的值為字符串時，`px.scatter_geo` 函數會自動為每個唯一的字符串值分配一種顏色。如果你想要控制每個值的顏色，你需要將 'SpeedClass' 列的值轉換為數字，然後使用 `color_continuous_scale` 參數來設置顏色。

但是，在你的情況下，你已經明確地為每個 'SpeedClass' 值指定了顏色，所以即使 'SpeedClass' 列的值是字符串，你也可以控制每個值的顏色。

如果你發現顏色沒有按照你的期望來設置，那可能是因為 'SpeedClass' 列的值並不完全匹配 `color_discrete_map` 中的鍵。請確保 'SpeedClass' 列的值與 `color_discrete_map` 中的鍵完全匹配，包括大小寫和空格。

bley000: 那麼我們是否可以將str轉為數字，之後再用字符去控制他的顏色??

GitHub Copilot: 是的，你可以先將 'SpeedClass' 列的值從字符串轉換為數字，然後再使用這些數字來控制顏色。以下是修改後的代碼：

```python
# 將 'SpeedClass' 列的值從字符串轉換為數字
df['SpeedClass'] = df['SpeedClass'].astype(int)

# 創建地理散點圖
fig = px.scatter_geo(df,
                     lat='緯度',  # 緯度列
                     lon='經度',  # 經度列
                     color='SpeedClass',  # 顏色代表速度
                     size='v31',  # 大小代表交通量
                     animation_frame='OriginalTimeInterval',  # 動畫幀代表時間
                     projection='natural earth',  # 投影方式
                     color_discrete_map={  # 設置每個 'SpeedClass' 值的顏色
                         0: 'white',
                         1: 'purple',
                         2: 'red',
                         3: 'orange',
                         4: 'yellow',
                         5: 'green'
                     })

# 設置地圖的範圍為台灣
fig.update_geos(
    lonaxis_range=[119, 124],  # 台灣的經度範圍
    lataxis_range=[20.5, 25.5]  # 台灣的緯度範圍
)

# 顯示圖形
fig.show()
```

這樣，每個 'SpeedClass' 值的散點將會被繪製成指定的顏色。請注意，`color_discrete_map` 中的鍵現在是數字，而不是字符串。

bley000: 變成這樣的時候，顏色又會變為漸層，而不是我指定的顏色

GitHub Copilot: 對不起，我犯了一個錯誤。在 `plotly.express` 中，當顏色對應到數字型別的列時，它會預設使用連續的顏色映射，而不是離散的顏色映射。即使你提供了一個離散的顏色映射，它也會被忽略。

解決這個問題的一種方法是將 'SpeedClass' 列轉換回字符串，然後使用離散的顏色映射。以下是修改後的代碼：

```python
# 將 'SpeedClass' 列的值從數字轉換回字符串
df['SpeedClass'] = df['SpeedClass'].astype(str)

# 創建地理散點圖
fig = px.scatter_geo(df,
                     lat='緯度',  # 緯度列
                     lon='經度',  # 經度列
                     color='SpeedClass',  # 顏色代表速度
                     size='v31',  # 大小代表交通量
                     animation_frame='OriginalTimeInterval',  # 動畫幀代表時間
                     projection='natural earth',  # 投影方式
                     color_discrete_map={  # 設置每個 'SpeedClass' 值的顏色
                         '0': 'white',
                         '1': 'purple',
                         '2': 'red',
                         '3': 'orange',
                         '4': 'yellow',
                         '5': 'green'
                     })

# 設置地圖的範圍為台灣
fig.update_geos(
    lonaxis_range=[119, 124],  # 台灣的經度範圍
    lataxis_range=[20.5, 25.5]  # 台灣的緯度範圍
)

# 顯示圖形
fig.show()
```

這樣，每個 'SpeedClass' 值的散點將會被繪製成指定的顏色。請注意，`color_discrete_map` 中的鍵現在是字符串，而不是數字。

bley000: 這樣的話，變成str就又無法控制他的顏色了...也就是我沒辦法控制他的顏色嗎...?

GitHub Copilot: 對不起，我之前的解釋可能有些混淆。在 `plotly.express` 中，你可以控制離散顏色映射，但是這需要你的數據是分類型（例如字符串）而不是數值型。如果你的數據是數值型，`plotly.express` 會預設使用連續的顏色映射。

在你的情況下，你可以將 'SpeedClass' 列的數據轉換為字符串，然後使用 `color_discrete_map` 參數來指定每個類別的顏色。以下是修改後的代碼：

```python
# 將 'SpeedClass' 列的值從數字轉換回字符串
df['SpeedClass'] = df['SpeedClass'].astype(str)

# 創建地理散點圖
fig = px.scatter_geo(df,
                     lat='緯度',  # 緯度列
                     lon='經度',  # 經度列
                     color='SpeedClass',  # 顏色代表速度
                     size='v31',  # 大小代表交通量
                     animation_frame='OriginalTimeInterval',  # 動畫幀代表時間
                     projection='natural earth',  # 投影方式
                     color_discrete_map={  # 設置每個 'SpeedClass' 值的顏色
                         '0': 'white',
                         '1': 'purple',
                         '2': 'red',
                         '3': 'orange',
                         '4': 'yellow',
                         '5': 'green'
                     })

# 設置地圖的範圍為台灣
fig.update_geos(
    lonaxis_range=[119, 124],  # 台灣的經度範圍
    lataxis_range=[20.5, 25.5]  # 台灣的緯度範圍
)

# 顯示圖形
fig.show()
```

這樣，每個 'SpeedClass' 值的散點將會被繪製成指定的顏色。請注意，`color_discrete_map` 中的鍵現在是字符串，而不是數字。

bley000: 這樣的話，變成str就又無法控制他的顏色了...也就是我沒辦法控制他的顏色嗎...?

GitHub Copilot: 對不起，我之前可能沒有解釋清楚。在 `plotly.express` 中，你可以控制離散顏色映射，但是這需要你的數據是分類型（例如字符串）而不是數值型。如果你的數據是數值型，`plotly.express` 會預設使用連續的顏色映射。

在你的情況下，你可以將 'SpeedClass' 列的數據轉換為字符串，然後使用 `color_discrete_map` 參數來指定每個類別的顏色。你的代碼已經正確地完成了這一點。

如果你發現顏色沒有按照你的期望來設置，那可能是因為 'SpeedClass' 列的值並不完全匹配 `color_discrete_map` 中的鍵。請確保 'SpeedClass' 列的值與 `color_discrete_map` 中的鍵完全匹配，包括大小寫和空格。

如果你仍然遇到問題，請提供更多的信息，我將很樂意進一步幫助你。

bley000: 0         5.0
5         5.0
10        5.0
15        5.0
20        5.0
         ...
606215    5.0
606220    5.0
606225    5.0
606230    5.0
606235    5.0

這是甚麼意思??

GitHub Copilot: 這是一個 pandas DataFrame 或 Series 的部分輸出。這個輸出顯示了索引（左邊的數字）和對應的值（右邊的數字）。在這個例子中，所有顯示的值都是 5.0。

例如，索引為 0 的行的值為 5.0，索引為 5 的行的值也為 5.0，依此類推。"..." 表示這只是完整數據的一部分，並且在這兩個部分之間還有更多的數據。

這種輸出通常用於查看 DataFrame 或 Series 的內容。在你的情況下，它可能是 'SpeedClass' 列的一部分輸出。

bley000: 那麼我可以說，這裡的speedclass確定為數值，且這裡的數值是浮點數

GitHub Copilot: 是的，你完全正確。在你的代碼中，你使用了 `astype(str)` 將 'SpeedClass' 列的數值轉換為字符串。然而，當你打印 'SpeedClass' 列的內容時，我們可以看到這些值仍然保留了其原始的浮點數格式（例如，5.0 而不是 5）。這意味著 'SpeedClass' 列的原始數據確實是浮點數。

然後，你在 `color_discrete_map` 中使用的鍵是字符串形式的整數。由於這些鍵與 'SpeedClass' 列的值不完全匹配（'5' 不等於 '5.0'），所以顏色映射可能沒有按照你的期望來應用。

你可以通過將 'SpeedClass' 列的值轉換為整數，然後再轉換為字符串，來解決這個問題。以下是修改後的代碼：

```python
# 將 'SpeedClass' 列的值從數字轉換為整數，然後再轉換為字符串
df['SpeedClass'] = df['SpeedClass'].astype(int).astype(str)
```

這樣，'SpeedClass' 列的值將會是 '0'、'1'、'2'、'3'、'4' 和 '5'，這些值將會與 `color_discrete_map` 中的鍵完全匹配。

bley000: 成功了!!!!可以將speedclass的顏色照順序排列嗎?

GitHub Copilot: 當你使用 `color_discrete_map` 時，`plotly.express` 會按照你提供的映射來分配顏色。然而，顏色的順序是根據數據中類別的出現順序來決定的，而不是根據 `color_discrete_map` 的順序。

如果你想要按照特定的順序顯示顏色，你需要在創建圖形之前將你的數據排序。你可以使用 `sort_values` 方法來對 'SpeedClass' 列進行排序。以下是修改後的代碼：

```python
# 將數據按照 'SpeedClass' 列的值進行排序
df = df.sort_values('SpeedClass')

# 創建地理散點圖
fig = px.scatter_geo(df,
                     lat='緯度',  # 緯度列
                     lon='經度',  # 經度列
                     color='SpeedClass',  # 顏色代表速度
                     size='v31',  # 大小代表交通量
                     animation_frame='OriginalTimeInterval',  # 動畫幀代表時間
                     projection='natural earth',  # 投影方式
                     color_discrete_map={  # 設置每個 'SpeedClass' 值的顏色
                         '0': 'white',
                         '1': 'purple',
                         '2': 'red',
                         '3': 'orange',
                         '4': 'yellow',
                         '5': 'green'
                     })

# 設置地圖的範圍為台灣
fig.update_geos(
    lonaxis_range=[119, 124],  # 台灣的經度範圍
    lataxis_range=[20.5, 25.5]  # 台灣的緯度範圍
)

# 顯示圖形
fig.show()
```

這樣，顏色將會按照 'SpeedClass' 列的值的順序來顯示，即 '0'（白色）到 '5'（綠色）。

bley000: 如行將這個html儲存???

GitHub Copilot: 你可以使用 `plotly` 的 `write_html` 函數來將你的圖形保存為 HTML 文件。以下是如何修改你的代碼來保存圖形：

```python
import plotly.io as pio

# ...你的其他代碼...

# 顯示圖形
fig.show()

# 將圖形保存為 HTML 文件
pio.write_html(fig, 'output.html')
```

這將會在你的當前工作目錄下創建一個名為 'output.html' 的文件，該文件包含你的圖形。你可以通過在網頁瀏覽器中打開這個文件來查看你的圖形。

如果你想要將文件保存到其他位置，你可以將 'output.html' 替換為你想要的文件路徑。例如，如果你想要將文件保存到桌面，你可以使用 'C:\\Users\\WINNIE\\Desktop\\output.html'。